{"C:\\Users\\user\\Desktop\\NXTWatch\\src\\Components\\BannerAd\\index.tsx": {"path":"C:\\Users\\user\\Desktop\\NXTWatch\\src\\Components\\BannerAd\\index.tsx","statementMap":{"0":{"start":{"line":10,"column":32},"end":{"line":12,"column":3}},"1":{"start":{"line":14,"column":4},"end":{"line":43,"column":6}},"2":{"start":{"line":32,"column":14},"end":{"line":34,"column":17}},"3":{"start":{"line":32,"column":66},"end":{"line":34,"column":15}}},"fnMap":{"0":{"name":"(anonymous_0)","decl":{"start":{"line":13,"column":2},"end":{"line":13,"column":3}},"loc":{"start":{"line":13,"column":11},"end":{"line":44,"column":3}},"line":13},"1":{"name":"(anonymous_1)","decl":{"start":{"line":31,"column":21},"end":{"line":31,"column":22}},"loc":{"start":{"line":32,"column":14},"end":{"line":34,"column":17}},"line":32},"2":{"name":"(anonymous_2)","decl":{"start":{"line":32,"column":28},"end":{"line":32,"column":29}},"loc":{"start":{"line":32,"column":66},"end":{"line":34,"column":15}},"line":32}},"branchMap":{},"s":{"0":2,"1":4,"2":1,"3":1},"f":{"0":4,"1":1,"2":1},"b":{},"_coverageSchema":"1a1c01bbd47fc00a2c39e90264f33305004495a9","hash":"e55ac0036bff994289f5a3f91fd7eb6d0a922ca7"}
,"C:\\Users\\user\\Desktop\\NXTWatch\\src\\Components\\BannerAd\\styledComp.ts": {"path":"C:\\Users\\user\\Desktop\\NXTWatch\\src\\Components\\BannerAd\\styledComp.ts","statementMap":{"0":{"start":{"line":3,"column":25},"end":{"line":12,"column":1}},"1":{"start":{"line":8,"column":25},"end":{"line":8,"column":67}},"2":{"start":{"line":14,"column":29},"end":{"line":19,"column":1}},"3":{"start":{"line":21,"column":30},"end":{"line":34,"column":1}},"4":{"start":{"line":36,"column":31},"end":{"line":36,"column":43}}},"fnMap":{"0":{"name":"(anonymous_0)","decl":{"start":{"line":8,"column":13},"end":{"line":8,"column":14}},"loc":{"start":{"line":8,"column":25},"end":{"line":8,"column":67}},"line":8}},"branchMap":{"0":{"loc":{"start":{"line":8,"column":25},"end":{"line":8,"column":67}},"type":"cond-expr","locations":[{"start":{"line":8,"column":52},"end":{"line":8,"column":58}},{"start":{"line":8,"column":61},"end":{"line":8,"column":67}}],"line":8}},"s":{"0":1,"1":4,"2":1,"3":1,"4":1},"f":{"0":4},"b":{"0":[2,2]},"_coverageSchema":"1a1c01bbd47fc00a2c39e90264f33305004495a9","hash":"05b64d4f34f5383cf633b5624062cfa41066a95c"}
,"C:\\Users\\user\\Desktop\\NXTWatch\\src\\Components\\HomePage\\index.tsx": {"path":"C:\\Users\\user\\Desktop\\NXTWatch\\src\\Components\\HomePage\\index.tsx","statementMap":{"0":{"start":{"line":21,"column":34},"end":{"line":74,"column":1}},"1":{"start":{"line":22,"column":36},"end":{"line":22,"column":46}},"2":{"start":{"line":25,"column":4},"end":{"line":25,"column":13}},"3":{"start":{"line":26,"column":2},"end":{"line":28,"column":9}},"4":{"start":{"line":27,"column":4},"end":{"line":27,"column":16}},"5":{"start":{"line":30,"column":25},"end":{"line":35,"column":3}},"6":{"start":{"line":31,"column":4},"end":{"line":34,"column":15}},"7":{"start":{"line":37,"column":30},"end":{"line":43,"column":3}},"8":{"start":{"line":38,"column":4},"end":{"line":42,"column":20}},"9":{"start":{"line":40,"column":8},"end":{"line":40,"column":56}},"10":{"start":{"line":45,"column":25},"end":{"line":65,"column":3}},"11":{"start":{"line":46,"column":4},"end":{"line":64,"column":6}},"12":{"start":{"line":67,"column":2},"end":{"line":73,"column":4}}},"fnMap":{"0":{"name":"(anonymous_0)","decl":{"start":{"line":21,"column":34},"end":{"line":21,"column":35}},"loc":{"start":{"line":21,"column":53},"end":{"line":74,"column":1}},"line":21},"1":{"name":"(anonymous_1)","decl":{"start":{"line":26,"column":12},"end":{"line":26,"column":13}},"loc":{"start":{"line":26,"column":18},"end":{"line":28,"column":3}},"line":26},"2":{"name":"(anonymous_2)","decl":{"start":{"line":30,"column":25},"end":{"line":30,"column":26}},"loc":{"start":{"line":31,"column":4},"end":{"line":34,"column":15}},"line":31},"3":{"name":"(anonymous_3)","decl":{"start":{"line":37,"column":30},"end":{"line":37,"column":31}},"loc":{"start":{"line":38,"column":4},"end":{"line":42,"column":20}},"line":38},"4":{"name":"(anonymous_4)","decl":{"start":{"line":39,"column":33},"end":{"line":39,"column":34}},"loc":{"start":{"line":40,"column":8},"end":{"line":40,"column":56}},"line":40},"5":{"name":"(anonymous_5)","decl":{"start":{"line":45,"column":25},"end":{"line":45,"column":26}},"loc":{"start":{"line":45,"column":31},"end":{"line":65,"column":3}},"line":45}},"branchMap":{"0":{"loc":{"start":{"line":57,"column":15},"end":{"line":59,"column":39}},"type":"cond-expr","locations":[{"start":{"line":58,"column":18},"end":{"line":58,"column":34}},{"start":{"line":59,"column":18},"end":{"line":59,"column":39}}],"line":57},"1":{"loc":{"start":{"line":67,"column":9},"end":{"line":73,"column":3}},"type":"cond-expr","locations":[{"start":{"line":68,"column":4},"end":{"line":70,"column":18}},{"start":{"line":72,"column":4},"end":{"line":72,"column":56}}],"line":67}},"s":{"0":1,"1":5,"2":5,"3":5,"4":1,"5":5,"6":0,"7":5,"8":3,"9":3,"10":5,"11":3,"12":5},"f":{"0":5,"1":1,"2":0,"3":3,"4":3,"5":3},"b":{"0":[0,3],"1":[2,3]},"_coverageSchema":"1a1c01bbd47fc00a2c39e90264f33305004495a9","hash":"6fd0e388e042b0dea4b61b255e5c2d0b016d74ef"}
,"C:\\Users\\user\\Desktop\\NXTWatch\\src\\Components\\HomePage\\styledComp.ts": {"path":"C:\\Users\\user\\Desktop\\NXTWatch\\src\\Components\\HomePage\\styledComp.ts","statementMap":{"0":{"start":{"line":3,"column":21},"end":{"line":6,"column":1}},"1":{"start":{"line":8,"column":20},"end":{"line":11,"column":1}},"2":{"start":{"line":13,"column":27},"end":{"line":23,"column":1}},"3":{"start":{"line":25,"column":29},"end":{"line":28,"column":1}},"4":{"start":{"line":31,"column":29},"end":{"line":48,"column":1}},"5":{"start":{"line":50,"column":24},"end":{"line":58,"column":1}}},"fnMap":{},"branchMap":{},"s":{"0":1,"1":1,"2":1,"3":1,"4":1,"5":1},"f":{},"b":{},"_coverageSchema":"1a1c01bbd47fc00a2c39e90264f33305004495a9","hash":"105a7f7ee2ccfde9ce7359769baf27623410a861"}
,"C:\\Users\\user\\Desktop\\NXTWatch\\src\\Components\\IndividualVideo\\index.tsx": {"path":"C:\\Users\\user\\Desktop\\NXTWatch\\src\\Components\\IndividualVideo\\index.tsx","statementMap":{"0":{"start":{"line":30,"column":33},"end":{"line":30,"column":43}},"1":{"start":{"line":31,"column":4},"end":{"line":31,"column":32}},"2":{"start":{"line":31,"column":20},"end":{"line":31,"column":32}},"3":{"start":{"line":32,"column":18},"end":{"line":32,"column":44}},"4":{"start":{"line":34,"column":22},"end":{"line":37,"column":5}},"5":{"start":{"line":39,"column":21},"end":{"line":42,"column":5}},"6":{"start":{"line":44,"column":4},"end":{"line":64,"column":6}}},"fnMap":{"0":{"name":"(anonymous_0)","decl":{"start":{"line":29,"column":2},"end":{"line":29,"column":3}},"loc":{"start":{"line":29,"column":11},"end":{"line":65,"column":3}},"line":29}},"branchMap":{"0":{"loc":{"start":{"line":31,"column":4},"end":{"line":31,"column":32}},"type":"if","locations":[{"start":{"line":31,"column":4},"end":{"line":31,"column":32}},{"start":{},"end":{}}],"line":31},"1":{"loc":{"start":{"line":36,"column":13},"end":{"line":36,"column":48}},"type":"cond-expr","locations":[{"start":{"line":36,"column":33},"end":{"line":36,"column":39}},{"start":{"line":36,"column":42},"end":{"line":36,"column":48}}],"line":36},"2":{"loc":{"start":{"line":40,"column":23},"end":{"line":40,"column":61}},"type":"cond-expr","locations":[{"start":{"line":40,"column":43},"end":{"line":40,"column":49}},{"start":{"line":40,"column":52},"end":{"line":40,"column":61}}],"line":40},"3":{"loc":{"start":{"line":41,"column":13},"end":{"line":41,"column":48}},"type":"cond-expr","locations":[{"start":{"line":41,"column":33},"end":{"line":41,"column":39}},{"start":{"line":41,"column":42},"end":{"line":41,"column":48}}],"line":41}},"s":{"0":2,"1":2,"2":0,"3":2,"4":2,"5":2,"6":2},"f":{"0":2},"b":{"0":[0,2],"1":[2,0],"2":[2,0],"3":[2,0]},"_coverageSchema":"1a1c01bbd47fc00a2c39e90264f33305004495a9","hash":"71b5c8e9e6a1ed2b2300bbec4ae88b20c3198475"}
,"C:\\Users\\user\\Desktop\\NXTWatch\\src\\Components\\IndividualVideo\\styledComp.ts": {"path":"C:\\Users\\user\\Desktop\\NXTWatch\\src\\Components\\IndividualVideo\\styledComp.ts","statementMap":{"0":{"start":{"line":3,"column":24},"end":{"line":10,"column":1}},"1":{"start":{"line":12,"column":30},"end":{"line":17,"column":1}},"2":{"start":{"line":19,"column":26},"end":{"line":24,"column":1}},"3":{"start":{"line":26,"column":27},"end":{"line":33,"column":1}},"4":{"start":{"line":35,"column":29},"end":{"line":39,"column":1}},"5":{"start":{"line":41,"column":26},"end":{"line":45,"column":1}},"6":{"start":{"line":47,"column":27},"end":{"line":51,"column":1}},"7":{"start":{"line":53,"column":26},"end":{"line":58,"column":1}}},"fnMap":{},"branchMap":{},"s":{"0":1,"1":1,"2":1,"3":1,"4":1,"5":1,"6":1,"7":1},"f":{},"b":{},"_coverageSchema":"1a1c01bbd47fc00a2c39e90264f33305004495a9","hash":"60e0e0c050a4bd3b976e384149fe5e3933227815"}
,"C:\\Users\\user\\Desktop\\NXTWatch\\src\\Components\\InputBox\\index.tsx": {"path":"C:\\Users\\user\\Desktop\\NXTWatch\\src\\Components\\InputBox\\index.tsx","statementMap":{"0":{"start":{"line":9,"column":21},"end":{"line":22,"column":1}},"1":{"start":{"line":10,"column":2},"end":{"line":21,"column":4}},"2":{"start":{"line":16,"column":10},"end":{"line":16,"column":43}},"3":{"start":{"line":19,"column":29},"end":{"line":19,"column":48}}},"fnMap":{"0":{"name":"(anonymous_0)","decl":{"start":{"line":9,"column":21},"end":{"line":9,"column":22}},"loc":{"start":{"line":9,"column":44},"end":{"line":22,"column":1}},"line":9},"1":{"name":"(anonymous_1)","decl":{"start":{"line":15,"column":18},"end":{"line":15,"column":19}},"loc":{"start":{"line":16,"column":10},"end":{"line":16,"column":43}},"line":16},"2":{"name":"(anonymous_2)","decl":{"start":{"line":19,"column":23},"end":{"line":19,"column":24}},"loc":{"start":{"line":19,"column":29},"end":{"line":19,"column":48}},"line":19}},"branchMap":{},"s":{"0":1,"1":3,"2":1,"3":1},"f":{"0":3,"1":1,"2":1},"b":{},"_coverageSchema":"1a1c01bbd47fc00a2c39e90264f33305004495a9","hash":"e7454c512f8d427e9d54940d14ffb098be0f7563"}
,"C:\\Users\\user\\Desktop\\NXTWatch\\src\\Components\\InputBox\\styledComponent.ts": {"path":"C:\\Users\\user\\Desktop\\NXTWatch\\src\\Components\\InputBox\\styledComponent.ts","statementMap":{"0":{"start":{"line":3,"column":28},"end":{"line":13,"column":1}}},"fnMap":{},"branchMap":{},"s":{"0":1},"f":{},"b":{},"_coverageSchema":"1a1c01bbd47fc00a2c39e90264f33305004495a9","hash":"991d9c3a4fe65a513f8ac2343bd55fe8260f63b3"}
,"C:\\Users\\user\\Desktop\\NXTWatch\\src\\Components\\Loader\\Loader.tsx": {"path":"C:\\Users\\user\\Desktop\\NXTWatch\\src\\Components\\Loader\\Loader.tsx","statementMap":{"0":{"start":{"line":12,"column":32},"end":{"line":23,"column":1}},"1":{"start":{"line":13,"column":16},"end":{"line":13,"column":54}},"2":{"start":{"line":15,"column":2},"end":{"line":22,"column":4}}},"fnMap":{"0":{"name":"(anonymous_0)","decl":{"start":{"line":12,"column":32},"end":{"line":12,"column":33}},"loc":{"start":{"line":12,"column":51},"end":{"line":23,"column":1}},"line":12}},"branchMap":{"0":{"loc":{"start":{"line":13,"column":16},"end":{"line":13,"column":54}},"type":"binary-expr","locations":[{"start":{"line":13,"column":16},"end":{"line":13,"column":43}},{"start":{"line":13,"column":47},"end":{"line":13,"column":54}}],"line":13},"1":{"loc":{"start":{"line":18,"column":37},"end":{"line":18,"column":72}},"type":"cond-expr","locations":[{"start":{"line":18,"column":56},"end":{"line":18,"column":62}},{"start":{"line":18,"column":65},"end":{"line":18,"column":72}}],"line":18}},"s":{"0":1,"1":2,"2":2},"f":{"0":2},"b":{"0":[2,0],"1":[0,2]},"_coverageSchema":"1a1c01bbd47fc00a2c39e90264f33305004495a9","hash":"794cc43f0a775a2e2d0b451bd38a6727ebb7b850"}
,"C:\\Users\\user\\Desktop\\NXTWatch\\src\\Store\\gamingStore.tsx": {"path":"C:\\Users\\user\\Desktop\\NXTWatch\\src\\Store\\gamingStore.tsx","statementMap":{"0":{"start":{"line":17,"column":45},"end":{"line":17,"column":54}},"1":{"start":{"line":18,"column":11},"end":{"line":18,"column":15}},"2":{"start":{"line":20,"column":4},"end":{"line":26,"column":7}},"3":{"start":{"line":30,"column":4},"end":{"line":30,"column":25}},"4":{"start":{"line":31,"column":21},"end":{"line":36,"column":19}},"5":{"start":{"line":37,"column":17},"end":{"line":37,"column":38}},"6":{"start":{"line":38,"column":4},"end":{"line":38,"column":49}},"7":{"start":{"line":39,"column":4},"end":{"line":39,"column":26}},"8":{"start":{"line":43,"column":4},"end":{"line":43,"column":30}},"9":{"start":{"line":46,"column":4},"end":{"line":46,"column":25}},"10":{"start":{"line":50,"column":25},"end":{"line":50,"column":40}}},"fnMap":{"0":{"name":"(anonymous_0)","decl":{"start":{"line":19,"column":2},"end":{"line":19,"column":3}},"loc":{"start":{"line":19,"column":16},"end":{"line":27,"column":3}},"line":19},"1":{"name":"(anonymous_1)","decl":{"start":{"line":29,"column":2},"end":{"line":29,"column":3}},"loc":{"start":{"line":29,"column":60},"end":{"line":40,"column":3}},"line":29},"2":{"name":"(anonymous_2)","decl":{"start":{"line":42,"column":2},"end":{"line":42,"column":3}},"loc":{"start":{"line":42,"column":40},"end":{"line":44,"column":3}},"line":42},"3":{"name":"(anonymous_3)","decl":{"start":{"line":45,"column":2},"end":{"line":45,"column":3}},"loc":{"start":{"line":45,"column":29},"end":{"line":47,"column":3}},"line":45}},"branchMap":{},"s":{"0":2,"1":2,"2":2,"3":0,"4":0,"5":0,"6":0,"7":0,"8":0,"9":0,"10":1},"f":{"0":2,"1":0,"2":0,"3":0},"b":{},"_coverageSchema":"1a1c01bbd47fc00a2c39e90264f33305004495a9","hash":"596a1f5bb419469de002279217e2e3b7b42f6f6f"}
,"C:\\Users\\user\\Desktop\\NXTWatch\\src\\Store\\homeStore.tsx": {"path":"C:\\Users\\user\\Desktop\\NXTWatch\\src\\Store\\homeStore.tsx","statementMap":{"0":{"start":{"line":17,"column":24},"end":{"line":17,"column":26}},"1":{"start":{"line":18,"column":50},"end":{"line":18,"column":64}},"2":{"start":{"line":19,"column":20},"end":{"line":19,"column":24}},"3":{"start":{"line":22,"column":4},"end":{"line":30,"column":7}},"4":{"start":{"line":34,"column":4},"end":{"line":34,"column":25}},"5":{"start":{"line":35,"column":4},"end":{"line":51,"column":5}},"6":{"start":{"line":36,"column":23},"end":{"line":44,"column":20}},"7":{"start":{"line":45,"column":19},"end":{"line":45,"column":40}},"8":{"start":{"line":46,"column":6},"end":{"line":46,"column":51}},"9":{"start":{"line":48,"column":6},"end":{"line":48,"column":54}},"10":{"start":{"line":50,"column":6},"end":{"line":50,"column":28}},"11":{"start":{"line":55,"column":4},"end":{"line":55,"column":28}},"12":{"start":{"line":59,"column":4},"end":{"line":59,"column":30}},"13":{"start":{"line":63,"column":4},"end":{"line":63,"column":25}},"14":{"start":{"line":67,"column":25},"end":{"line":67,"column":40}}},"fnMap":{"0":{"name":"(anonymous_0)","decl":{"start":{"line":21,"column":2},"end":{"line":21,"column":3}},"loc":{"start":{"line":21,"column":16},"end":{"line":31,"column":3}},"line":21},"1":{"name":"(anonymous_1)","decl":{"start":{"line":33,"column":2},"end":{"line":33,"column":3}},"loc":{"start":{"line":33,"column":60},"end":{"line":52,"column":3}},"line":33},"2":{"name":"(anonymous_2)","decl":{"start":{"line":54,"column":2},"end":{"line":54,"column":3}},"loc":{"start":{"line":54,"column":37},"end":{"line":56,"column":3}},"line":54},"3":{"name":"(anonymous_3)","decl":{"start":{"line":58,"column":2},"end":{"line":58,"column":3}},"loc":{"start":{"line":58,"column":46},"end":{"line":60,"column":3}},"line":58},"4":{"name":"(anonymous_4)","decl":{"start":{"line":62,"column":2},"end":{"line":62,"column":3}},"loc":{"start":{"line":62,"column":29},"end":{"line":64,"column":3}},"line":62}},"branchMap":{},"s":{"0":4,"1":4,"2":4,"3":4,"4":3,"5":3,"6":3,"7":3,"8":3,"9":0,"10":3,"11":1,"12":3,"13":6,"14":1},"f":{"0":4,"1":3,"2":1,"3":3,"4":6},"b":{},"_coverageSchema":"1a1c01bbd47fc00a2c39e90264f33305004495a9","hash":"39ae72e2910fc94a198e9f90698e9b46474123a2"}
,"C:\\Users\\user\\Desktop\\NXTWatch\\src\\Store\\navStore.tsx": {"path":"C:\\Users\\user\\Desktop\\NXTWatch\\src\\Store\\navStore.tsx","statementMap":{"0":{"start":{"line":4,"column":10},"end":{"line":4,"column":15}},"1":{"start":{"line":5,"column":22},"end":{"line":5,"column":24}},"2":{"start":{"line":6,"column":26},"end":{"line":6,"column":31}},"3":{"start":{"line":7,"column":36},"end":{"line":7,"column":40}},"4":{"start":{"line":8,"column":17},"end":{"line":8,"column":18}},"5":{"start":{"line":9,"column":26},"end":{"line":9,"column":27}},"6":{"start":{"line":10,"column":23},"end":{"line":10,"column":28}},"7":{"start":{"line":12,"column":4},"end":{"line":12,"column":29}},"8":{"start":{"line":15,"column":4},"end":{"line":15,"column":27}},"9":{"start":{"line":18,"column":4},"end":{"line":18,"column":29}},"10":{"start":{"line":22,"column":4},"end":{"line":22,"column":26}},"11":{"start":{"line":26,"column":4},"end":{"line":26,"column":43}},"12":{"start":{"line":30,"column":4},"end":{"line":30,"column":38}},"13":{"start":{"line":30,"column":23},"end":{"line":30,"column":38}},"14":{"start":{"line":33,"column":4},"end":{"line":33,"column":24}},"15":{"start":{"line":36,"column":4},"end":{"line":36,"column":19}},"16":{"start":{"line":40,"column":4},"end":{"line":40,"column":35}},"17":{"start":{"line":41,"column":4},"end":{"line":41,"column":37}},"18":{"start":{"line":44,"column":4},"end":{"line":44,"column":28}},"19":{"start":{"line":45,"column":4},"end":{"line":45,"column":35}},"20":{"start":{"line":49,"column":4},"end":{"line":49,"column":27}},"21":{"start":{"line":52,"column":24},"end":{"line":52,"column":38}}},"fnMap":{"0":{"name":"(anonymous_0)","decl":{"start":{"line":11,"column":2},"end":{"line":11,"column":3}},"loc":{"start":{"line":11,"column":16},"end":{"line":13,"column":3}},"line":11},"1":{"name":"(anonymous_1)","decl":{"start":{"line":14,"column":2},"end":{"line":14,"column":3}},"loc":{"start":{"line":14,"column":23},"end":{"line":16,"column":3}},"line":14},"2":{"name":"(anonymous_2)","decl":{"start":{"line":17,"column":2},"end":{"line":17,"column":3}},"loc":{"start":{"line":17,"column":13},"end":{"line":19,"column":3}},"line":17},"3":{"name":"(anonymous_3)","decl":{"start":{"line":21,"column":2},"end":{"line":21,"column":3}},"loc":{"start":{"line":21,"column":29},"end":{"line":23,"column":3}},"line":21},"4":{"name":"(anonymous_4)","decl":{"start":{"line":25,"column":2},"end":{"line":25,"column":3}},"loc":{"start":{"line":25,"column":26},"end":{"line":27,"column":3}},"line":25},"5":{"name":"(anonymous_5)","decl":{"start":{"line":29,"column":2},"end":{"line":29,"column":3}},"loc":{"start":{"line":29,"column":24},"end":{"line":31,"column":3}},"line":29},"6":{"name":"(anonymous_6)","decl":{"start":{"line":32,"column":2},"end":{"line":32,"column":3}},"loc":{"start":{"line":32,"column":41},"end":{"line":34,"column":3}},"line":32},"7":{"name":"(anonymous_7)","decl":{"start":{"line":35,"column":2},"end":{"line":35,"column":3}},"loc":{"start":{"line":35,"column":24},"end":{"line":37,"column":3}},"line":35},"8":{"name":"(anonymous_8)","decl":{"start":{"line":39,"column":2},"end":{"line":39,"column":3}},"loc":{"start":{"line":39,"column":21},"end":{"line":42,"column":3}},"line":39},"9":{"name":"(anonymous_9)","decl":{"start":{"line":43,"column":2},"end":{"line":43,"column":3}},"loc":{"start":{"line":43,"column":21},"end":{"line":46,"column":3}},"line":43},"10":{"name":"(anonymous_10)","decl":{"start":{"line":48,"column":2},"end":{"line":48,"column":3}},"loc":{"start":{"line":48,"column":27},"end":{"line":50,"column":3}},"line":48}},"branchMap":{"0":{"loc":{"start":{"line":30,"column":4},"end":{"line":30,"column":38}},"type":"if","locations":[{"start":{"line":30,"column":4},"end":{"line":30,"column":38}},{"start":{},"end":{}}],"line":30}},"s":{"0":2,"1":2,"2":2,"3":2,"4":2,"5":2,"6":2,"7":2,"8":0,"9":0,"10":0,"11":0,"12":0,"13":0,"14":0,"15":0,"16":0,"17":0,"18":0,"19":0,"20":0,"21":1},"f":{"0":2,"1":0,"2":0,"3":0,"4":0,"5":0,"6":0,"7":0,"8":0,"9":0,"10":0},"b":{"0":[0,0]},"_coverageSchema":"1a1c01bbd47fc00a2c39e90264f33305004495a9","hash":"12c6b35c1d72d583e3d102b1afbfc5a3543ef3e8"}
,"C:\\Users\\user\\Desktop\\NXTWatch\\src\\Store\\rootStore.tsx": {"path":"C:\\Users\\user\\Desktop\\NXTWatch\\src\\Store\\rootStore.tsx","statementMap":{"0":{"start":{"line":19,"column":4},"end":{"line":19,"column":37}},"1":{"start":{"line":20,"column":4},"end":{"line":20,"column":37}},"2":{"start":{"line":21,"column":4},"end":{"line":21,"column":39}},"3":{"start":{"line":22,"column":4},"end":{"line":22,"column":35}},"4":{"start":{"line":23,"column":4},"end":{"line":23,"column":43}},"5":{"start":{"line":24,"column":4},"end":{"line":24,"column":47}},"6":{"start":{"line":25,"column":4},"end":{"line":25,"column":39}},"7":{"start":{"line":29,"column":18},"end":{"line":29,"column":33}}},"fnMap":{"0":{"name":"(anonymous_0)","decl":{"start":{"line":18,"column":2},"end":{"line":18,"column":3}},"loc":{"start":{"line":18,"column":16},"end":{"line":26,"column":3}},"line":18}},"branchMap":{},"s":{"0":1,"1":1,"2":1,"3":1,"4":1,"5":1,"6":1,"7":1},"f":{"0":1},"b":{},"_coverageSchema":"1a1c01bbd47fc00a2c39e90264f33305004495a9","hash":"9bd7c3ab26b4b0a6891ecc3e9acb6a7f8d2dbf21"}
,"C:\\Users\\user\\Desktop\\NXTWatch\\src\\Store\\saveVideoStore.tsx": {"path":"C:\\Users\\user\\Desktop\\NXTWatch\\src\\Store\\saveVideoStore.tsx","statementMap":{"0":{"start":{"line":26,"column":30},"end":{"line":26,"column":32}},"1":{"start":{"line":27,"column":36},"end":{"line":27,"column":38}},"2":{"start":{"line":30,"column":4},"end":{"line":30,"column":29}},"3":{"start":{"line":33,"column":13},"end":{"line":36,"column":3}},"4":{"start":{"line":34,"column":19},"end":{"line":34,"column":66}},"5":{"start":{"line":34,"column":48},"end":{"line":34,"column":65}},"6":{"start":{"line":35,"column":4},"end":{"line":35,"column":46}},"7":{"start":{"line":35,"column":17},"end":{"line":35,"column":46}},"8":{"start":{"line":38,"column":16},"end":{"line":40,"column":3}},"9":{"start":{"line":39,"column":4},"end":{"line":39,"column":67}},"10":{"start":{"line":39,"column":54},"end":{"line":39,"column":65}},"11":{"start":{"line":42,"column":15},"end":{"line":54,"column":3}},"12":{"start":{"line":43,"column":16},"end":{"line":43,"column":65}},"13":{"start":{"line":43,"column":53},"end":{"line":43,"column":64}},"14":{"start":{"line":44,"column":4},"end":{"line":53,"column":5}},"15":{"start":{"line":45,"column":22},"end":{"line":45,"column":46}},"16":{"start":{"line":46,"column":6},"end":{"line":50,"column":8}},"17":{"start":{"line":52,"column":6},"end":{"line":52,"column":69}},"18":{"start":{"line":56,"column":18},"end":{"line":68,"column":3}},"19":{"start":{"line":57,"column":16},"end":{"line":57,"column":65}},"20":{"start":{"line":57,"column":53},"end":{"line":57,"column":64}},"21":{"start":{"line":58,"column":4},"end":{"line":67,"column":5}},"22":{"start":{"line":59,"column":22},"end":{"line":59,"column":46}},"23":{"start":{"line":60,"column":6},"end":{"line":64,"column":8}},"24":{"start":{"line":66,"column":6},"end":{"line":66,"column":69}},"25":{"start":{"line":71,"column":30},"end":{"line":71,"column":50}}},"fnMap":{"0":{"name":"(anonymous_0)","decl":{"start":{"line":29,"column":2},"end":{"line":29,"column":3}},"loc":{"start":{"line":29,"column":16},"end":{"line":31,"column":3}},"line":29},"1":{"name":"(anonymous_1)","decl":{"start":{"line":33,"column":13},"end":{"line":33,"column":14}},"loc":{"start":{"line":33,"column":36},"end":{"line":36,"column":3}},"line":33},"2":{"name":"(anonymous_2)","decl":{"start":{"line":34,"column":41},"end":{"line":34,"column":42}},"loc":{"start":{"line":34,"column":48},"end":{"line":34,"column":65}},"line":34},"3":{"name":"(anonymous_3)","decl":{"start":{"line":38,"column":16},"end":{"line":38,"column":17}},"loc":{"start":{"line":38,"column":32},"end":{"line":40,"column":3}},"line":38},"4":{"name":"(anonymous_4)","decl":{"start":{"line":39,"column":47},"end":{"line":39,"column":48}},"loc":{"start":{"line":39,"column":54},"end":{"line":39,"column":65}},"line":39},"5":{"name":"(anonymous_5)","decl":{"start":{"line":42,"column":15},"end":{"line":42,"column":16}},"loc":{"start":{"line":42,"column":31},"end":{"line":54,"column":3}},"line":42},"6":{"name":"(anonymous_6)","decl":{"start":{"line":43,"column":46},"end":{"line":43,"column":47}},"loc":{"start":{"line":43,"column":53},"end":{"line":43,"column":64}},"line":43},"7":{"name":"(anonymous_7)","decl":{"start":{"line":56,"column":18},"end":{"line":56,"column":19}},"loc":{"start":{"line":56,"column":34},"end":{"line":68,"column":3}},"line":56},"8":{"name":"(anonymous_8)","decl":{"start":{"line":57,"column":46},"end":{"line":57,"column":47}},"loc":{"start":{"line":57,"column":53},"end":{"line":57,"column":64}},"line":57}},"branchMap":{"0":{"loc":{"start":{"line":35,"column":4},"end":{"line":35,"column":46}},"type":"if","locations":[{"start":{"line":35,"column":4},"end":{"line":35,"column":46}},{"start":{},"end":{}}],"line":35},"1":{"loc":{"start":{"line":44,"column":4},"end":{"line":53,"column":5}},"type":"if","locations":[{"start":{"line":44,"column":4},"end":{"line":53,"column":5}},{"start":{"line":51,"column":11},"end":{"line":53,"column":5}}],"line":44},"2":{"loc":{"start":{"line":49,"column":18},"end":{"line":49,"column":58}},"type":"cond-expr","locations":[{"start":{"line":49,"column":34},"end":{"line":49,"column":50}},{"start":{"line":49,"column":53},"end":{"line":49,"column":58}}],"line":49},"3":{"loc":{"start":{"line":58,"column":4},"end":{"line":67,"column":5}},"type":"if","locations":[{"start":{"line":58,"column":4},"end":{"line":67,"column":5}},{"start":{"line":65,"column":11},"end":{"line":67,"column":5}}],"line":58},"4":{"loc":{"start":{"line":63,"column":15},"end":{"line":63,"column":55}},"type":"cond-expr","locations":[{"start":{"line":63,"column":34},"end":{"line":63,"column":47}},{"start":{"line":63,"column":50},"end":{"line":63,"column":55}}],"line":63}},"s":{"0":2,"1":2,"2":2,"3":2,"4":0,"5":0,"6":0,"7":0,"8":2,"9":0,"10":0,"11":2,"12":0,"13":0,"14":0,"15":0,"16":0,"17":0,"18":2,"19":0,"20":0,"21":0,"22":0,"23":0,"24":0,"25":1},"f":{"0":2,"1":0,"2":0,"3":0,"4":0,"5":0,"6":0,"7":0,"8":0},"b":{"0":[0,0],"1":[0,0],"2":[0,0],"3":[0,0],"4":[0,0]},"_coverageSchema":"1a1c01bbd47fc00a2c39e90264f33305004495a9","hash":"c2c124c27e13b5d108167e45e7185471c3ec8523"}
,"C:\\Users\\user\\Desktop\\NXTWatch\\src\\Store\\themeStore.tsx": {"path":"C:\\Users\\user\\Desktop\\NXTWatch\\src\\Store\\themeStore.tsx","statementMap":{"0":{"start":{"line":4,"column":10},"end":{"line":4,"column":17}},"1":{"start":{"line":6,"column":4},"end":{"line":6,"column":29}},"2":{"start":{"line":8,"column":16},"end":{"line":10,"column":3}},"3":{"start":{"line":9,"column":4},"end":{"line":9,"column":59}},"4":{"start":{"line":13,"column":26},"end":{"line":13,"column":42}}},"fnMap":{"0":{"name":"(anonymous_0)","decl":{"start":{"line":5,"column":2},"end":{"line":5,"column":3}},"loc":{"start":{"line":5,"column":16},"end":{"line":7,"column":3}},"line":5},"1":{"name":"(anonymous_1)","decl":{"start":{"line":8,"column":16},"end":{"line":8,"column":17}},"loc":{"start":{"line":8,"column":22},"end":{"line":10,"column":3}},"line":8}},"branchMap":{"0":{"loc":{"start":{"line":9,"column":17},"end":{"line":9,"column":58}},"type":"cond-expr","locations":[{"start":{"line":9,"column":42},"end":{"line":9,"column":48}},{"start":{"line":9,"column":51},"end":{"line":9,"column":58}}],"line":9}},"s":{"0":2,"1":2,"2":2,"3":0,"4":1},"f":{"0":2,"1":0},"b":{"0":[0,0]},"_coverageSchema":"1a1c01bbd47fc00a2c39e90264f33305004495a9","hash":"de694dcc57e15333e49f8b010d4ee58b911c93e0"}
,"C:\\Users\\user\\Desktop\\NXTWatch\\src\\Store\\trendStore.tsx": {"path":"C:\\Users\\user\\Desktop\\NXTWatch\\src\\Store\\trendStore.tsx","statementMap":{"0":{"start":{"line":20,"column":45},"end":{"line":20,"column":54}},"1":{"start":{"line":21,"column":11},"end":{"line":21,"column":15}},"2":{"start":{"line":24,"column":4},"end":{"line":30,"column":7}},"3":{"start":{"line":34,"column":4},"end":{"line":34,"column":23}},"4":{"start":{"line":35,"column":21},"end":{"line":38,"column":6}},"5":{"start":{"line":39,"column":17},"end":{"line":39,"column":38}},"6":{"start":{"line":46,"column":4},"end":{"line":46,"column":32}},"7":{"start":{"line":47,"column":4},"end":{"line":47,"column":26}},"8":{"start":{"line":51,"column":4},"end":{"line":51,"column":30}},"9":{"start":{"line":54,"column":4},"end":{"line":54,"column":25}},"10":{"start":{"line":58,"column":26},"end":{"line":58,"column":42}}},"fnMap":{"0":{"name":"(anonymous_0)","decl":{"start":{"line":22,"column":2},"end":{"line":22,"column":3}},"loc":{"start":{"line":22,"column":16},"end":{"line":31,"column":3}},"line":22},"1":{"name":"(anonymous_1)","decl":{"start":{"line":33,"column":2},"end":{"line":33,"column":3}},"loc":{"start":{"line":33,"column":35},"end":{"line":48,"column":3}},"line":33},"2":{"name":"(anonymous_2)","decl":{"start":{"line":50,"column":2},"end":{"line":50,"column":3}},"loc":{"start":{"line":50,"column":46},"end":{"line":52,"column":3}},"line":50},"3":{"name":"(anonymous_3)","decl":{"start":{"line":53,"column":2},"end":{"line":53,"column":3}},"loc":{"start":{"line":53,"column":35},"end":{"line":55,"column":3}},"line":53}},"branchMap":{},"s":{"0":2,"1":2,"2":2,"3":0,"4":0,"5":0,"6":0,"7":0,"8":0,"9":0,"10":1},"f":{"0":2,"1":0,"2":0,"3":0},"b":{},"_coverageSchema":"1a1c01bbd47fc00a2c39e90264f33305004495a9","hash":"9d3c420baf61a9d26eacfa8d338d94899ab38678"}
,"C:\\Users\\user\\Desktop\\NXTWatch\\src\\Store\\videoPlayStore.tsx": {"path":"C:\\Users\\user\\Desktop\\NXTWatch\\src\\Store\\videoPlayStore.tsx","statementMap":{"0":{"start":{"line":19,"column":43},"end":{"line":19,"column":52}},"1":{"start":{"line":20,"column":20},"end":{"line":20,"column":22}},"2":{"start":{"line":22,"column":4},"end":{"line":28,"column":7}},"3":{"start":{"line":32,"column":4},"end":{"line":32,"column":22}},"4":{"start":{"line":38,"column":21},"end":{"line":41,"column":19}},"5":{"start":{"line":42,"column":17},"end":{"line":42,"column":75}},"6":{"start":{"line":43,"column":4},"end":{"line":43,"column":46}},"7":{"start":{"line":44,"column":4},"end":{"line":44,"column":74}},"8":{"start":{"line":48,"column":4},"end":{"line":48,"column":28}},"9":{"start":{"line":52,"column":30},"end":{"line":52,"column":46}}},"fnMap":{"0":{"name":"(anonymous_0)","decl":{"start":{"line":21,"column":2},"end":{"line":21,"column":3}},"loc":{"start":{"line":21,"column":16},"end":{"line":29,"column":3}},"line":21},"1":{"name":"(anonymous_1)","decl":{"start":{"line":31,"column":2},"end":{"line":31,"column":3}},"loc":{"start":{"line":31,"column":31},"end":{"line":33,"column":3}},"line":31},"2":{"name":"(anonymous_2)","decl":{"start":{"line":35,"column":2},"end":{"line":35,"column":3}},"loc":{"start":{"line":37,"column":49},"end":{"line":45,"column":3}},"line":37},"3":{"name":"(anonymous_3)","decl":{"start":{"line":47,"column":2},"end":{"line":47,"column":3}},"loc":{"start":{"line":47,"column":38},"end":{"line":49,"column":3}},"line":47}},"branchMap":{},"s":{"0":2,"1":2,"2":2,"3":0,"4":0,"5":0,"6":0,"7":0,"8":0,"9":1},"f":{"0":2,"1":0,"2":0,"3":0},"b":{},"_coverageSchema":"1a1c01bbd47fc00a2c39e90264f33305004495a9","hash":"29bb758530b86305b028b1b834f5227276c9ff6a"}
}
