TN:
SF:src\Components\BannerAd\index.tsx
FN:13,(anonymous_0)
FN:31,(anonymous_1)
FN:32,(anonymous_2)
FNF:3
FNH:3
FNDA:4,(anonymous_0)
FNDA:1,(anonymous_1)
FNDA:1,(anonymous_2)
DA:10,2
DA:14,4
DA:32,1
LF:3
LH:3
BRF:0
BRH:0
end_of_record
TN:
SF:src\Components\BannerAd\styledComp.ts
FN:8,(anonymous_0)
FNF:1
FNH:1
FNDA:4,(anonymous_0)
DA:3,1
DA:8,4
DA:14,1
DA:21,1
DA:36,1
LF:5
LH:5
BRDA:8,0,0,2
BRDA:8,0,1,2
BRF:2
BRH:2
end_of_record
TN:
SF:src\Components\HomePage\index.tsx
FN:21,(anonymous_0)
FN:26,(anonymous_1)
FN:30,(anonymous_2)
FN:37,(anonymous_3)
FN:39,(anonymous_4)
FN:45,(anonymous_5)
FNF:6
FNH:5
FNDA:5,(anonymous_0)
FNDA:1,(anonymous_1)
FNDA:0,(anonymous_2)
FNDA:3,(anonymous_3)
FNDA:3,(anonymous_4)
FNDA:3,(anonymous_5)
DA:21,1
DA:22,5
DA:25,5
DA:26,5
DA:27,1
DA:30,5
DA:31,0
DA:37,5
DA:38,3
DA:40,3
DA:45,5
DA:46,3
DA:67,5
LF:13
LH:12
BRDA:57,0,0,0
BRDA:57,0,1,3
BRDA:67,1,0,2
BRDA:67,1,1,3
BRF:4
BRH:3
end_of_record
TN:
SF:src\Components\HomePage\styledComp.ts
FNF:0
FNH:0
DA:3,1
DA:8,1
DA:13,1
DA:25,1
DA:31,1
DA:50,1
LF:6
LH:6
BRF:0
BRH:0
end_of_record
TN:
SF:src\Components\IndividualVideo\index.tsx
FN:29,(anonymous_0)
FNF:1
FNH:1
FNDA:2,(anonymous_0)
DA:30,2
DA:31,2
DA:32,2
DA:34,2
DA:39,2
DA:44,2
LF:6
LH:6
BRDA:31,0,0,0
BRDA:31,0,1,2
BRDA:36,1,0,2
BRDA:36,1,1,0
BRDA:40,2,0,2
BRDA:40,2,1,0
BRDA:41,3,0,2
BRDA:41,3,1,0
BRF:8
BRH:4
end_of_record
TN:
SF:src\Components\IndividualVideo\styledComp.ts
FNF:0
FNH:0
DA:3,1
DA:12,1
DA:19,1
DA:26,1
DA:35,1
DA:41,1
DA:47,1
DA:53,1
LF:8
LH:8
BRF:0
BRH:0
end_of_record
TN:
SF:src\Components\InputBox\index.tsx
FN:9,(anonymous_0)
FN:15,(anonymous_1)
FN:19,(anonymous_2)
FNF:3
FNH:3
FNDA:3,(anonymous_0)
FNDA:1,(anonymous_1)
FNDA:1,(anonymous_2)
DA:9,1
DA:10,3
DA:16,1
DA:19,1
LF:4
LH:4
BRF:0
BRH:0
end_of_record
TN:
SF:src\Components\InputBox\styledComponent.ts
FNF:0
FNH:0
DA:3,1
LF:1
LH:1
BRF:0
BRH:0
end_of_record
TN:
SF:src\Components\Loader\Loader.tsx
FN:12,(anonymous_0)
FNF:1
FNH:1
FNDA:2,(anonymous_0)
DA:12,1
DA:13,2
DA:15,2
LF:3
LH:3
BRDA:13,0,0,2
BRDA:13,0,1,0
BRDA:18,1,0,0
BRDA:18,1,1,2
BRF:4
BRH:2
end_of_record
TN:
SF:src\Store\gamingStore.tsx
FN:19,(anonymous_0)
FN:29,(anonymous_1)
FN:42,(anonymous_2)
FN:45,(anonymous_3)
FNF:4
FNH:1
FNDA:2,(anonymous_0)
FNDA:0,(anonymous_1)
FNDA:0,(anonymous_2)
FNDA:0,(anonymous_3)
DA:17,2
DA:18,2
DA:20,2
DA:30,0
DA:31,0
DA:37,0
DA:38,0
DA:39,0
DA:43,0
DA:46,0
DA:50,1
LF:11
LH:4
BRF:0
BRH:0
end_of_record
TN:
SF:src\Store\homeStore.tsx
FN:21,(anonymous_0)
FN:33,(anonymous_1)
FN:54,(anonymous_2)
FN:58,(anonymous_3)
FN:62,(anonymous_4)
FNF:5
FNH:5
FNDA:4,(anonymous_0)
FNDA:3,(anonymous_1)
FNDA:1,(anonymous_2)
FNDA:3,(anonymous_3)
FNDA:6,(anonymous_4)
DA:17,4
DA:18,4
DA:19,4
DA:22,4
DA:34,3
DA:35,3
DA:36,3
DA:45,3
DA:46,3
DA:48,0
DA:50,3
DA:55,1
DA:59,3
DA:63,6
DA:67,1
LF:15
LH:14
BRF:0
BRH:0
end_of_record
TN:
SF:src\Store\navStore.tsx
FN:11,(anonymous_0)
FN:14,(anonymous_1)
FN:17,(anonymous_2)
FN:21,(anonymous_3)
FN:25,(anonymous_4)
FN:29,(anonymous_5)
FN:32,(anonymous_6)
FN:35,(anonymous_7)
FN:39,(anonymous_8)
FN:43,(anonymous_9)
FN:48,(anonymous_10)
FNF:11
FNH:1
FNDA:2,(anonymous_0)
FNDA:0,(anonymous_1)
FNDA:0,(anonymous_2)
FNDA:0,(anonymous_3)
FNDA:0,(anonymous_4)
FNDA:0,(anonymous_5)
FNDA:0,(anonymous_6)
FNDA:0,(anonymous_7)
FNDA:0,(anonymous_8)
FNDA:0,(anonymous_9)
FNDA:0,(anonymous_10)
DA:4,2
DA:5,2
DA:6,2
DA:7,2
DA:8,2
DA:9,2
DA:10,2
DA:12,2
DA:15,0
DA:18,0
DA:22,0
DA:26,0
DA:30,0
DA:33,0
DA:36,0
DA:40,0
DA:41,0
DA:44,0
DA:45,0
DA:49,0
DA:52,1
LF:21
LH:9
BRDA:30,0,0,0
BRDA:30,0,1,0
BRF:2
BRH:0
end_of_record
TN:
SF:src\Store\rootStore.tsx
FN:18,(anonymous_0)
FNF:1
FNH:1
FNDA:1,(anonymous_0)
DA:19,1
DA:20,1
DA:21,1
DA:22,1
DA:23,1
DA:24,1
DA:25,1
DA:29,1
LF:8
LH:8
BRF:0
BRH:0
end_of_record
TN:
SF:src\Store\saveVideoStore.tsx
FN:29,(anonymous_0)
FN:33,(anonymous_1)
FN:34,(anonymous_2)
FN:38,(anonymous_3)
FN:39,(anonymous_4)
FN:42,(anonymous_5)
FN:43,(anonymous_6)
FN:56,(anonymous_7)
FN:57,(anonymous_8)
FNF:9
FNH:1
FNDA:2,(anonymous_0)
FNDA:0,(anonymous_1)
FNDA:0,(anonymous_2)
FNDA:0,(anonymous_3)
FNDA:0,(anonymous_4)
FNDA:0,(anonymous_5)
FNDA:0,(anonymous_6)
FNDA:0,(anonymous_7)
FNDA:0,(anonymous_8)
DA:26,2
DA:27,2
DA:30,2
DA:33,2
DA:34,0
DA:35,0
DA:38,2
DA:39,0
DA:42,2
DA:43,0
DA:44,0
DA:45,0
DA:46,0
DA:52,0
DA:56,2
DA:57,0
DA:58,0
DA:59,0
DA:60,0
DA:66,0
DA:71,1
LF:21
LH:8
BRDA:35,0,0,0
BRDA:35,0,1,0
BRDA:44,1,0,0
BRDA:44,1,1,0
BRDA:49,2,0,0
BRDA:49,2,1,0
BRDA:58,3,0,0
BRDA:58,3,1,0
BRDA:63,4,0,0
BRDA:63,4,1,0
BRF:10
BRH:0
end_of_record
TN:
SF:src\Store\themeStore.tsx
FN:5,(anonymous_0)
FN:8,(anonymous_1)
FNF:2
FNH:1
FNDA:2,(anonymous_0)
FNDA:0,(anonymous_1)
DA:4,2
DA:6,2
DA:8,2
DA:9,0
DA:13,1
LF:5
LH:4
BRDA:9,0,0,0
BRDA:9,0,1,0
BRF:2
BRH:0
end_of_record
TN:
SF:src\Store\trendStore.tsx
FN:22,(anonymous_0)
FN:33,(anonymous_1)
FN:50,(anonymous_2)
FN:53,(anonymous_3)
FNF:4
FNH:1
FNDA:2,(anonymous_0)
FNDA:0,(anonymous_1)
FNDA:0,(anonymous_2)
FNDA:0,(anonymous_3)
DA:20,2
DA:21,2
DA:24,2
DA:34,0
DA:35,0
DA:39,0
DA:46,0
DA:47,0
DA:51,0
DA:54,0
DA:58,1
LF:11
LH:4
BRF:0
BRH:0
end_of_record
TN:
SF:src\Store\videoPlayStore.tsx
FN:21,(anonymous_0)
FN:31,(anonymous_1)
FN:35,(anonymous_2)
FN:47,(anonymous_3)
FNF:4
FNH:1
FNDA:2,(anonymous_0)
FNDA:0,(anonymous_1)
FNDA:0,(anonymous_2)
FNDA:0,(anonymous_3)
DA:19,2
DA:20,2
DA:22,2
DA:32,0
DA:38,0
DA:42,0
DA:43,0
DA:44,0
DA:48,0
DA:52,1
LF:10
LH:4
BRF:0
BRH:0
end_of_record
